<?xml version="1.0" encoding="UTF-8"?>
<!-- Generated by org.testng.reporters.JUnitReportReporter -->
<testsuite hostname="Nkosi" failures="0" tests="1" name="org.malitcode.testCases.AddToCart" time="7.122" errors="0" timestamp="2022-05-26T20:26:43 SAST" skipped="0">
  <testcase classname="org.malitcode.testCases.AddToCart" name="addToCart" time="7.122"/>
  <system-out/>
</testsuite> <!-- org.malitcode.testCases.AddToCart -->
