<?xml version="1.0" encoding="UTF-8"?>
<!-- Generated by org.testng.reporters.JUnitReportReporter -->
<testsuite hostname="Nkosi" failures="0" tests="1" name="org.malitcode.testCases.Filters" time="0.786" errors="0" timestamp="2022-06-09T09:56:38 SAST" skipped="0">
  <testcase classname="org.malitcode.testCases.Filters" name="filster" time="0.786"/>
  <system-out/>
</testsuite> <!-- org.malitcode.testCases.Filters -->
