<?xml version="1.0" encoding="UTF-8"?>
<!-- Generated by org.testng.reporters.JUnitReportReporter -->
<testsuite hostname="Nkosi" failures="0" tests="1" name="org.malitcode.testCases.AddToCart" time="3.974" errors="0" timestamp="2022-06-03T23:03:59 SAST" skipped="0">
  <testcase classname="org.malitcode.testCases.AddToCart" name="addToCart" time="3.974"/>
  <system-out/>
</testsuite> <!-- org.malitcode.testCases.AddToCart -->
