<?xml version="1.0" encoding="UTF-8"?>
<!-- Generated by org.testng.reporters.JUnitReportReporter -->
<testsuite hostname="Nkosi" failures="0" tests="1" name="org.malitcode.testCases.LoginUser" time="6.153" errors="0" timestamp="2022-05-25T21:32:47 SAST" skipped="0">
  <testcase classname="org.malitcode.testCases.LoginUser" name="loginUser" time="6.153"/>
  <system-out/>
</testsuite> <!-- org.malitcode.testCases.LoginUser -->
