<?xml version="1.0" encoding="UTF-8"?>
<!-- Generated by org.testng.reporters.JUnitReportReporter -->
<testsuite hostname="Nkosi" failures="0" tests="1" name="org.malitcode.testCases.AddToCart" time="6.972" errors="0" timestamp="2022-05-29T18:34:35 SAST" skipped="0">
  <testcase classname="org.malitcode.testCases.AddToCart" name="addToCart" time="6.972"/>
  <system-out/>
</testsuite> <!-- org.malitcode.testCases.AddToCart -->
