<?xml version="1.0" encoding="UTF-8"?>
<!-- Generated by org.testng.reporters.JUnitReportReporter -->
<testsuite hostname="Nkosi" failures="0" tests="1" name="org.malitcode.testCases.LoginUser" time="6.285" errors="0" timestamp="2022-06-03T23:12:42 SAST" skipped="0">
  <testcase classname="org.malitcode.testCases.LoginUser" name="loginUser" time="6.285"/>
  <system-out/>
</testsuite> <!-- org.malitcode.testCases.LoginUser -->
